TN:
SF:src\controllers\countryController.js
FN:12,getAllCountries
FN:22,getCountryById
FN:44,createCountry
FNF:3
FNH:1
FNDA:0,getAllCountries
FNDA:3,getCountryById
FNDA:0,createCountry
DA:1,1
DA:2,1
DA:3,1
DA:4,1
DA:5,1
DA:6,1
DA:7,1
DA:8,1
DA:9,1
DA:10,1
DA:11,1
DA:12,0
DA:13,0
DA:14,0
DA:15,0
DA:16,0
DA:17,0
DA:18,0
DA:19,0
DA:20,0
DA:21,1
DA:22,3
DA:23,3
DA:24,3
DA:25,3
DA:26,2
DA:27,2
DA:28,2
DA:29,2
DA:30,2
DA:31,3
DA:32,1
DA:33,1
DA:34,1
DA:35,1
DA:36,1
DA:37,1
DA:38,1
DA:39,1
DA:40,1
DA:41,1
DA:42,3
DA:43,1
DA:44,0
DA:45,0
DA:46,0
DA:47,0
DA:48,0
DA:49,0
DA:50,0
DA:51,0
DA:52,0
DA:53,0
DA:54,0
DA:55,0
DA:56,0
DA:57,0
DA:58,0
DA:59,0
DA:60,0
DA:61,1
DA:62,1
DA:63,1
DA:64,1
DA:65,1
DA:66,1
LF:66
LH:40
BRDA:22,0,0,3
BRDA:25,1,0,2
BRDA:31,2,0,1
BRDA:28,3,0,3
BRF:4
BRH:4
end_of_record
TN:
SF:src\controllers\utils.js
FN:3,fetchData
FN:9,writeData
FNF:2
FNH:0
FNDA:0,fetchData
FNDA:0,writeData
DA:1,1
DA:2,1
DA:3,0
DA:4,0
DA:5,0
DA:6,0
DA:7,0
DA:8,1
DA:9,0
DA:10,0
DA:11,0
DA:12,1
DA:13,1
DA:14,1
DA:15,1
DA:16,1
LF:16
LH:8
BRF:0
BRH:0
end_of_record
